2024-04-14T00:41:31.837+03:00  INFO 1500 --- [Vaultify] [main] c.p.vaultify.VaultifyApplicationTests    : Starting VaultifyApplicationTests using Java 21.0.2 with PID 1500 (started by axlln in /home/axlln/Программирование/Vaultify-Server)
2024-04-14T00:41:31.846+03:00  INFO 1500 --- [Vaultify] [main] c.p.vaultify.VaultifyApplicationTests    : No active profile set, falling back to 1 default profile: "default"
2024-04-14T00:41:32.503+03:00  INFO 1500 --- [Vaultify] [main] .s.d.r.c.RepositoryConfigurationDelegate : Bootstrapping Spring Data JPA repositories in DEFAULT mode.
2024-04-14T00:41:32.555+03:00  INFO 1500 --- [Vaultify] [main] .s.d.r.c.RepositoryConfigurationDelegate : Finished Spring Data repository scanning in 45 ms. Found 3 JPA repository interfaces.
2024-04-14T00:41:32.844+03:00  WARN 1500 --- [Vaultify] [main] trationDelegate$BeanPostProcessorChecker : Bean 'org.springframework.ws.config.annotation.DelegatingWsConfiguration' of type [org.springframework.ws.config.annotation.DelegatingWsConfiguration$$SpringCGLIB$$0] is not eligible for getting processed by all BeanPostProcessors (for example: not eligible for auto-proxying). The currently created BeanPostProcessor [annotationActionEndpointMapping] is declared through a non-static factory method on that class; consider declaring it as static instead.
2024-04-14T00:41:32.883+03:00  INFO 1500 --- [Vaultify] [main] .w.s.a.s.AnnotationActionEndpointMapping : Supporting [WS-Addressing August 2004, WS-Addressing 1.0]
2024-04-14T00:41:33.101+03:00  INFO 1500 --- [Vaultify] [main] o.hibernate.jpa.internal.util.LogHelper  : HHH000204: Processing PersistenceUnitInfo [name: default]
2024-04-14T00:41:33.141+03:00  INFO 1500 --- [Vaultify] [main] org.hibernate.Version                    : HHH000412: Hibernate ORM core version 6.4.4.Final
2024-04-14T00:41:33.162+03:00  INFO 1500 --- [Vaultify] [main] o.h.c.internal.RegionFactoryInitiator    : HHH000026: Second-level cache disabled
2024-04-14T00:41:33.380+03:00  INFO 1500 --- [Vaultify] [main] o.s.o.j.p.SpringPersistenceUnitInfo      : No LoadTimeWeaver setup: ignoring JPA class transformer
2024-04-14T00:41:33.411+03:00  INFO 1500 --- [Vaultify] [main] com.zaxxer.hikari.HikariDataSource       : HikariPool-1 - Starting...
2024-04-14T00:41:33.590+03:00  INFO 1500 --- [Vaultify] [main] com.zaxxer.hikari.pool.HikariPool        : HikariPool-1 - Added connection org.postgresql.jdbc.PgConnection@297bd171
2024-04-14T00:41:33.592+03:00  INFO 1500 --- [Vaultify] [main] com.zaxxer.hikari.HikariDataSource       : HikariPool-1 - Start completed.
2024-04-14T00:41:34.434+03:00  INFO 1500 --- [Vaultify] [main] o.h.e.t.j.p.i.JtaPlatformInitiator       : HHH000489: No JTA platform available (set 'hibernate.transaction.jta.platform' to enable JTA platform integration)
2024-04-14T00:41:34.509+03:00  INFO 1500 --- [Vaultify] [main] j.LocalContainerEntityManagerFactoryBean : Initialized JPA EntityManagerFactory for persistence unit 'default'
2024-04-14T00:41:34.875+03:00  INFO 1500 --- [Vaultify] [main] o.s.d.j.r.query.QueryEnhancerFactory     : Hibernate is in classpath; If applicable, HQL parser will be used.
2024-04-14T00:41:35.348+03:00  WARN 1500 --- [Vaultify] [main] JpaBaseConfiguration$JpaWebConfiguration : spring.jpa.open-in-view is enabled by default. Therefore, database queries may be performed during view rendering. Explicitly configure spring.jpa.open-in-view to disable this warning
2024-04-14T00:41:35.376+03:00  WARN 1500 --- [Vaultify] [main] .s.s.UserDetailsServiceAutoConfiguration : 

Using generated security password: d06833ca-a79c-4229-9079-1fe2943071dc

This generated password is for development use only. Your security configuration must be updated before running your application in production.

2024-04-14T00:41:35.713+03:00  INFO 1500 --- [Vaultify] [main] o.s.s.web.DefaultSecurityFilterChain     : Will secure any request with [org.springframework.security.web.session.DisableEncodeUrlFilter@879f852, org.springframework.security.web.context.request.async.WebAsyncManagerIntegrationFilter@693676d, org.springframework.security.web.context.SecurityContextHolderFilter@3b75b7b4, org.springframework.security.web.header.HeaderWriterFilter@1a2b23f2, org.springframework.web.filter.CorsFilter@2a0a178f, org.springframework.security.web.authentication.logout.LogoutFilter@4f9a8d71, org.springframework.security.web.savedrequest.RequestCacheAwareFilter@119cd026, org.springframework.security.web.servletapi.SecurityContextHolderAwareRequestFilter@65448932, org.springframework.security.web.authentication.AnonymousAuthenticationFilter@55a7f0af, org.springframework.security.web.access.ExceptionTranslationFilter@39352f6b, org.springframework.security.web.access.intercept.FilterSecurityInterceptor@7ebc2975]
2024-04-14T00:41:36.120+03:00  INFO 1500 --- [Vaultify] [main] c.p.vaultify.VaultifyApplicationTests    : Started VaultifyApplicationTests in 4.504 seconds (process running for 5.25)
2024-04-14T00:41:36.434+03:00  INFO 1500 --- [Vaultify] [SpringApplicationShutdownHook] j.LocalContainerEntityManagerFactoryBean : Closing JPA EntityManagerFactory for persistence unit 'default'
2024-04-14T00:41:36.435+03:00  INFO 1500 --- [Vaultify] [SpringApplicationShutdownHook] com.zaxxer.hikari.HikariDataSource       : HikariPool-1 - Shutdown initiated...
2024-04-14T00:41:36.441+03:00  INFO 1500 --- [Vaultify] [SpringApplicationShutdownHook] com.zaxxer.hikari.HikariDataSource       : HikariPool-1 - Shutdown completed.
